<?xml version="1.0" encoding="UTF-8"?>
<!-- Generated by org.testng.reporters.JUnitReportReporter -->
<testsuite hostname="A115127" failures="0" tests="1" name="TestGetRequest" time="3.192" errors="0" timestamp="2022-01-17T23:58:05 IST" skipped="0">
  <testcase classname="TestGetRequest" name="testMap" time="3.192"/>
  <system-out/>
</testsuite> <!-- TestGetRequest -->
